package configuration for libffi is not found
have_header: checking for ffi.h... -------------------- no

"/usr/bin/gcc-4.2 -o conftest -I/Users/matt/.rbenv/versions/1.9.3-p125/include/ruby-1.9.1/x86_64-darwin11.3.0 -I/Users/matt/.rbenv/versions/1.9.3-p125/include/ruby-1.9.1/ruby/backward -I/Users/matt/.rbenv/versions/1.9.3-p125/include/ruby-1.9.1 -I. -I'/Users/matt/.rbenv/versions/1.9.3-p125/include'  -D_XOPEN_SOURCE -D_DARWIN_C_SOURCE  -I'/Users/matt/.rbenv/versions/1.9.3-p125/include'   -O3 -ggdb -Wextra -Wno-unused-parameter -Wno-parentheses -Wno-long-long -Wno-missing-field-initializers -Wpointer-arith -Wwrite-strings -Wdeclaration-after-statement -Wshorten-64-to-32 -Wimplicit-function-declaration  -pipe conftest.c  -L. -L/Users/matt/.rbenv/versions/1.9.3-p125/lib -L. -L'/Users/matt/.rbenv/versions/1.9.3-p125/lib'      -lruby-static  -lpthread -ldl -lobjc "
checked program was:
/* begin */
1: #include "ruby.h"
2: 
3: int main() {return 0;}
/* end */

"/usr/bin/gcc-4.2 -E -I/Users/matt/.rbenv/versions/1.9.3-p125/include/ruby-1.9.1/x86_64-darwin11.3.0 -I/Users/matt/.rbenv/versions/1.9.3-p125/include/ruby-1.9.1/ruby/backward -I/Users/matt/.rbenv/versions/1.9.3-p125/include/ruby-1.9.1 -I. -I'/Users/matt/.rbenv/versions/1.9.3-p125/include'  -D_XOPEN_SOURCE -D_DARWIN_C_SOURCE  -I'/Users/matt/.rbenv/versions/1.9.3-p125/include'   -O3 -ggdb -Wextra -Wno-unused-parameter -Wno-parentheses -Wno-long-long -Wno-missing-field-initializers -Wpointer-arith -Wwrite-strings -Wdeclaration-after-statement -Wshorten-64-to-32 -Wimplicit-function-declaration  -pipe  conftest.c -o conftest.i"
conftest.c:3:17: error: ffi.h: No such file or directory
checked program was:
/* begin */
1: #include "ruby.h"
2: 
3: #include <ffi.h>
/* end */

--------------------

find_header: checking for ffi.h in /usr/local/include... -------------------- no

"/usr/bin/gcc-4.2 -E -I/Users/matt/.rbenv/versions/1.9.3-p125/include/ruby-1.9.1/x86_64-darwin11.3.0 -I/Users/matt/.rbenv/versions/1.9.3-p125/include/ruby-1.9.1/ruby/backward -I/Users/matt/.rbenv/versions/1.9.3-p125/include/ruby-1.9.1 -I. -I'/Users/matt/.rbenv/versions/1.9.3-p125/include'  -D_XOPEN_SOURCE -D_DARWIN_C_SOURCE  -I'/Users/matt/.rbenv/versions/1.9.3-p125/include'   -O3 -ggdb -Wextra -Wno-unused-parameter -Wno-parentheses -Wno-long-long -Wno-missing-field-initializers -Wpointer-arith -Wwrite-strings -Wdeclaration-after-statement -Wshorten-64-to-32 -Wimplicit-function-declaration  -pipe  conftest.c -o conftest.i"
conftest.c:3:17: error: ffi.h: No such file or directory
checked program was:
/* begin */
1: #include "ruby.h"
2: 
3: #include <ffi.h>
/* end */

"/usr/bin/gcc-4.2 -E -I/Users/matt/.rbenv/versions/1.9.3-p125/include/ruby-1.9.1/x86_64-darwin11.3.0 -I/Users/matt/.rbenv/versions/1.9.3-p125/include/ruby-1.9.1/ruby/backward -I/Users/matt/.rbenv/versions/1.9.3-p125/include/ruby-1.9.1 -I. -I'/Users/matt/.rbenv/versions/1.9.3-p125/include'  -D_XOPEN_SOURCE -D_DARWIN_C_SOURCE  -I'/Users/matt/.rbenv/versions/1.9.3-p125/include'   -O3 -ggdb -Wextra -Wno-unused-parameter -Wno-parentheses -Wno-long-long -Wno-missing-field-initializers -Wpointer-arith -Wwrite-strings -Wdeclaration-after-statement -Wshorten-64-to-32 -Wimplicit-function-declaration  -pipe -I/usr/local/include conftest.c -o conftest.i"
conftest.c:3:17: error: ffi.h: No such file or directory
checked program was:
/* begin */
1: #include "ruby.h"
2: 
3: #include <ffi.h>
/* end */

--------------------

have_func: checking for rb_thread_blocking_region()... -------------------- yes

"/usr/bin/gcc-4.2 -o conftest -I/Users/matt/.rbenv/versions/1.9.3-p125/include/ruby-1.9.1/x86_64-darwin11.3.0 -I/Users/matt/.rbenv/versions/1.9.3-p125/include/ruby-1.9.1/ruby/backward -I/Users/matt/.rbenv/versions/1.9.3-p125/include/ruby-1.9.1 -I. -I'/Users/matt/.rbenv/versions/1.9.3-p125/include'  -D_XOPEN_SOURCE -D_DARWIN_C_SOURCE  -I'/Users/matt/.rbenv/versions/1.9.3-p125/include'   -O3 -ggdb -Wextra -Wno-unused-parameter -Wno-parentheses -Wno-long-long -Wno-missing-field-initializers -Wpointer-arith -Wwrite-strings -Wdeclaration-after-statement -Wshorten-64-to-32 -Wimplicit-function-declaration  -pipe conftest.c  -L. -L/Users/matt/.rbenv/versions/1.9.3-p125/lib -L. -L'/Users/matt/.rbenv/versions/1.9.3-p125/lib'      -lruby-static  -lpthread -ldl -lobjc "
checked program was:
/* begin */
1: #include "ruby.h"
2: 
3: /*top*/
4: int main() {return 0;}
5: int t() { void ((*volatile p)()); p = (void ((*)()))rb_thread_blocking_region; return 0; }
/* end */

--------------------

have_func: checking for ruby_native_thread_p()... -------------------- yes

"/usr/bin/gcc-4.2 -o conftest -I/Users/matt/.rbenv/versions/1.9.3-p125/include/ruby-1.9.1/x86_64-darwin11.3.0 -I/Users/matt/.rbenv/versions/1.9.3-p125/include/ruby-1.9.1/ruby/backward -I/Users/matt/.rbenv/versions/1.9.3-p125/include/ruby-1.9.1 -I. -I'/Users/matt/.rbenv/versions/1.9.3-p125/include'  -D_XOPEN_SOURCE -D_DARWIN_C_SOURCE  -I'/Users/matt/.rbenv/versions/1.9.3-p125/include'   -O3 -ggdb -Wextra -Wno-unused-parameter -Wno-parentheses -Wno-long-long -Wno-missing-field-initializers -Wpointer-arith -Wwrite-strings -Wdeclaration-after-statement -Wshorten-64-to-32 -Wimplicit-function-declaration  -pipe conftest.c  -L. -L/Users/matt/.rbenv/versions/1.9.3-p125/lib -L. -L'/Users/matt/.rbenv/versions/1.9.3-p125/lib'      -lruby-static  -lpthread -ldl -lobjc "
checked program was:
/* begin */
1: #include "ruby.h"
2: 
3: /*top*/
4: int main() {return 0;}
5: int t() { void ((*volatile p)()); p = (void ((*)()))ruby_native_thread_p; return 0; }
/* end */

--------------------

have_func: checking for rb_thread_call_with_gvl()... -------------------- yes

"/usr/bin/gcc-4.2 -o conftest -I/Users/matt/.rbenv/versions/1.9.3-p125/include/ruby-1.9.1/x86_64-darwin11.3.0 -I/Users/matt/.rbenv/versions/1.9.3-p125/include/ruby-1.9.1/ruby/backward -I/Users/matt/.rbenv/versions/1.9.3-p125/include/ruby-1.9.1 -I. -I'/Users/matt/.rbenv/versions/1.9.3-p125/include'  -D_XOPEN_SOURCE -D_DARWIN_C_SOURCE  -I'/Users/matt/.rbenv/versions/1.9.3-p125/include'   -O3 -ggdb -Wextra -Wno-unused-parameter -Wno-parentheses -Wno-long-long -Wno-missing-field-initializers -Wpointer-arith -Wwrite-strings -Wdeclaration-after-statement -Wshorten-64-to-32 -Wimplicit-function-declaration  -pipe conftest.c  -L. -L/Users/matt/.rbenv/versions/1.9.3-p125/lib -L. -L'/Users/matt/.rbenv/versions/1.9.3-p125/lib'      -lruby-static  -lpthread -ldl -lobjc "
conftest.c: In function ‘t’:
conftest.c:5: error: ‘rb_thread_call_with_gvl’ undeclared (first use in this function)
conftest.c:5: error: (Each undeclared identifier is reported only once
conftest.c:5: error: for each function it appears in.)
checked program was:
/* begin */
1: #include "ruby.h"
2: 
3: /*top*/
4: int main() {return 0;}
5: int t() { void ((*volatile p)()); p = (void ((*)()))rb_thread_call_with_gvl; return 0; }
/* end */

"/usr/bin/gcc-4.2 -o conftest -I/Users/matt/.rbenv/versions/1.9.3-p125/include/ruby-1.9.1/x86_64-darwin11.3.0 -I/Users/matt/.rbenv/versions/1.9.3-p125/include/ruby-1.9.1/ruby/backward -I/Users/matt/.rbenv/versions/1.9.3-p125/include/ruby-1.9.1 -I. -I'/Users/matt/.rbenv/versions/1.9.3-p125/include'  -D_XOPEN_SOURCE -D_DARWIN_C_SOURCE  -I'/Users/matt/.rbenv/versions/1.9.3-p125/include'   -O3 -ggdb -Wextra -Wno-unused-parameter -Wno-parentheses -Wno-long-long -Wno-missing-field-initializers -Wpointer-arith -Wwrite-strings -Wdeclaration-after-statement -Wshorten-64-to-32 -Wimplicit-function-declaration  -pipe conftest.c  -L. -L/Users/matt/.rbenv/versions/1.9.3-p125/lib -L. -L'/Users/matt/.rbenv/versions/1.9.3-p125/lib'      -lruby-static  -lpthread -ldl -lobjc "
conftest.c: In function ‘t’:
conftest.c:5: warning: implicit declaration of function ‘rb_thread_call_with_gvl’
checked program was:
/* begin */
1: #include "ruby.h"
2: 
3: /*top*/
4: int main() {return 0;}
5: int t() { rb_thread_call_with_gvl(); return 0; }
/* end */

--------------------

